app/build/outputs/logs/manifest-merger-release-report.txt
-- Merging decision tree log ---
manifest
ADDED from src/main/AndroidManifest.xml:2:1-147:12
	xmlns:android
		ADDED from src/main/AndroidManifest.xml:3:11-69
	package
		ADDED from src/main/AndroidManifest.xml:2:11-41
		INJECTED from src/main/AndroidManifest.xml
		INJECTED from src/main/AndroidManifest.xml
	android:versionName
		ADDED from src/main/AndroidManifest.xml:5:11-36
		INJECTED from src/main/AndroidManifest.xml
		INJECTED from src/main/AndroidManifest.xml
	android:versionCode
		ADDED from src/main/AndroidManifest.xml:4:11-34
		INJECTED from src/main/AndroidManifest.xml
		INJECTED from src/main/AndroidManifest.xml
uses-sdk
ADDED from src/main/AndroidManifest.xml:7:5-9:40
MERGED from [com.android.support:multidex:1.0.1] AndroidManifest.xml:18:5-42
MERGED from [LexicaV1:MyScript_ATK-Core-android-component:unspecified] AndroidManifest.xml:7:5-9:41
MERGED from [LexicaV1:MyScript_ATK-IMCommon-android-component:unspecified] AndroidManifest.xml:7:5-9:41
MERGED from [LexicaV1:MyScript_ATK-SingleCharWidget-android-widget:unspecified] AndroidManifest.xml:7:5-9:41
MERGED from [LexicaV1:MyScript_ATK-Text-android-component:unspecified] AndroidManifest.xml:7:5-9:41
MERGED from [com.github.amlcurran.showcaseview:library:5.4.3] AndroidManifest.xml:22:5-24:41
MERGED from [com.android.support:support-v4:23.2.1] AndroidManifest.xml:20:5-43
MERGED from [com.github.douglasjunior:android-simple-tooltip:0.1.0] AndroidManifest.xml:7:5-9:41
MERGED from [com.android.support:appcompat-v7:23.2.1] AndroidManifest.xml:21:5-23:78
MERGED from [com.android.support:support-v4:23.2.1] AndroidManifest.xml:20:5-43
MERGED from [com.android.support:animated-vector-drawable:23.2.1] AndroidManifest.xml:5:5-44
MERGED from [com.android.support:support-vector-drawable:23.2.1] AndroidManifest.xml:5:5-43
MERGED from [com.android.support:support-v4:23.2.1] AndroidManifest.xml:20:5-43
MERGED from [com.android.support:support-vector-drawable:23.2.1] AndroidManifest.xml:5:5-43
MERGED from [com.android.support:support-v4:23.2.1] AndroidManifest.xml:20:5-43
	android:targetSdkVersion
		ADDED from src/main/AndroidManifest.xml:9:9-38
		INJECTED from src/main/AndroidManifest.xml
		INJECTED from src/main/AndroidManifest.xml
	android:minSdkVersion
		ADDED from src/main/AndroidManifest.xml:8:9-35
		INJECTED from src/main/AndroidManifest.xml
		INJECTED from src/main/AndroidManifest.xml
	tools:overrideLibrary
		ADDED from [com.android.support:appcompat-v7:23.2.1] AndroidManifest.xml:23:9-75
uses-permission#android.permission.WRITE_EXTERNAL_STORAGE
ADDED from src/main/AndroidManifest.xml:11:5-80
MERGED from [LexicaV1:MyScript_ATK-Core-android-component:unspecified] AndroidManifest.xml:11:5-81
	android:name
		ADDED from src/main/AndroidManifest.xml:11:22-78
uses-permission#android.permission.READ_PHONE_STATE
ADDED from src/main/AndroidManifest.xml:12:5-74
	android:name
		ADDED from src/main/AndroidManifest.xml:12:22-72
uses-permission#android.permission.READ_EXTERNAL_STORAGE
ADDED from src/main/AndroidManifest.xml:13:5-79
	android:name
		ADDED from src/main/AndroidManifest.xml:13:22-77
uses-permission#android.permission.INTERNET
ADDED from src/main/AndroidManifest.xml:14:5-66
	android:name
		ADDED from src/main/AndroidManifest.xml:14:22-64
application
ADDED from src/main/AndroidManifest.xml:16:5-145:19
MERGED from [com.android.support:support-v4:23.2.1] AndroidManifest.xml:22:5-20
MERGED from [com.github.douglasjunior:android-simple-tooltip:0.1.0] AndroidManifest.xml:11:5-12:19
MERGED from [com.android.support:appcompat-v7:23.2.1] AndroidManifest.xml:25:5-20
MERGED from [com.android.support:support-v4:23.2.1] AndroidManifest.xml:22:5-20
MERGED from [com.android.support:animated-vector-drawable:23.2.1] AndroidManifest.xml:7:5-20
MERGED from [com.android.support:support-vector-drawable:23.2.1] AndroidManifest.xml:7:5-20
MERGED from [com.android.support:support-v4:23.2.1] AndroidManifest.xml:22:5-20
MERGED from [com.android.support:support-vector-drawable:23.2.1] AndroidManifest.xml:7:5-20
MERGED from [com.android.support:support-v4:23.2.1] AndroidManifest.xml:22:5-20
	android:supportsRtl
		ADDED from [com.github.douglasjunior:android-simple-tooltip:0.1.0] AndroidManifest.xml:11:18-44
	android:label
		ADDED from src/main/AndroidManifest.xml:21:9-41
	android:allowBackup
		ADDED from src/main/AndroidManifest.xml:18:9-35
	android:uiOptions
		ADDED from src/main/AndroidManifest.xml:23:9-53
	android:icon
		ADDED from src/main/AndroidManifest.xml:19:9-45
	android:imeOptions
		ADDED from src/main/AndroidManifest.xml:20:9-58
	android:theme
		ADDED from src/main/AndroidManifest.xml:22:9-39
	android:name
		ADDED from src/main/AndroidManifest.xml:17:9-71
activity#com.example.lexicav1.Splash
ADDED from src/main/AndroidManifest.xml:24:9-32:20
	android:label
		ADDED from src/main/AndroidManifest.xml:26:13-45
	android:name
		ADDED from src/main/AndroidManifest.xml:25:13-35
intent-filter#android.intent.action.MAIN+android.intent.category.LAUNCHER
ADDED from src/main/AndroidManifest.xml:27:13-31:29
action#android.intent.action.MAIN
ADDED from src/main/AndroidManifest.xml:28:17-68
	android:name
		ADDED from src/main/AndroidManifest.xml:28:25-66
category#android.intent.category.LAUNCHER
ADDED from src/main/AndroidManifest.xml:30:17-76
	android:name
		ADDED from src/main/AndroidManifest.xml:30:27-74
activity#com.example.lexicav1.ItemListActivity
ADDED from src/main/AndroidManifest.xml:33:9-46:20
	android:label
		ADDED from src/main/AndroidManifest.xml:36:13-45
	android:configChanges
		ADDED from src/main/AndroidManifest.xml:35:13-59
	android:name
		ADDED from src/main/AndroidManifest.xml:34:13-45
intent-filter#android.intent.action.booklistactivity+android.intent.category.DEFAULT
ADDED from src/main/AndroidManifest.xml:37:13-41:29
action#android.intent.action.booklistactivity
ADDED from src/main/AndroidManifest.xml:38:17-80
	android:name
		ADDED from src/main/AndroidManifest.xml:38:25-78
category#android.intent.category.DEFAULT
ADDED from src/main/AndroidManifest.xml:40:17-75
	android:name
		ADDED from src/main/AndroidManifest.xml:40:27-73
meta-data#android.app.default_searchable
ADDED from src/main/AndroidManifest.xml:43:13-45:54
	android:name
		ADDED from src/main/AndroidManifest.xml:44:17-62
	android:value
		ADDED from src/main/AndroidManifest.xml:45:17-52
activity#com.example.lexicav1.ItemDetailActivity
ADDED from src/main/AndroidManifest.xml:47:9-55:20
	android:label
		ADDED from src/main/AndroidManifest.xml:50:13-54
	android:configChanges
		ADDED from src/main/AndroidManifest.xml:49:13-59
	android:parentActivityName
		ADDED from src/main/AndroidManifest.xml:51:13-59
	android:name
		ADDED from src/main/AndroidManifest.xml:48:13-47
meta-data#android.support.PARENT_ACTIVITY
ADDED from src/main/AndroidManifest.xml:52:13-54:52
	android:name
		ADDED from src/main/AndroidManifest.xml:53:17-63
	android:value
		ADDED from src/main/AndroidManifest.xml:54:17-50
activity#com.example.lexicav1.ListLexica
ADDED from src/main/AndroidManifest.xml:56:9-69:20
	android:label
		ADDED from src/main/AndroidManifest.xml:59:13-45
	android:configChanges
		ADDED from src/main/AndroidManifest.xml:58:13-59
	android:name
		ADDED from src/main/AndroidManifest.xml:57:13-39
intent-filter#android.intent.action.listlexica+android.intent.category.DEFAULT
ADDED from src/main/AndroidManifest.xml:60:13-64:29
action#android.intent.action.listlexica
ADDED from src/main/AndroidManifest.xml:61:17-74
	android:name
		ADDED from src/main/AndroidManifest.xml:61:25-72
activity#com.example.lexicav1.SearchableActivity
ADDED from src/main/AndroidManifest.xml:71:9-79:20
	android:name
		ADDED from src/main/AndroidManifest.xml:71:19-53
intent-filter#android.intent.action.SEARCH
ADDED from src/main/AndroidManifest.xml:72:13-74:29
action#android.intent.action.SEARCH
ADDED from src/main/AndroidManifest.xml:73:17-70
	android:name
		ADDED from src/main/AndroidManifest.xml:73:25-68
meta-data#android.app.searchable
ADDED from src/main/AndroidManifest.xml:76:13-78:53
	android:resource
		ADDED from src/main/AndroidManifest.xml:78:17-51
	android:name
		ADDED from src/main/AndroidManifest.xml:77:17-54
activity#com.example.lexicav1.FAQActivity
ADDED from src/main/AndroidManifest.xml:80:9-89:20
	android:label
		ADDED from src/main/AndroidManifest.xml:83:13-45
	android:configChanges
		ADDED from src/main/AndroidManifest.xml:82:13-59
	android:name
		ADDED from src/main/AndroidManifest.xml:81:13-40
intent-filter#android.intent.action.faq+android.intent.category.DEFAULT
ADDED from src/main/AndroidManifest.xml:84:13-88:29
action#android.intent.action.faq
ADDED from src/main/AndroidManifest.xml:85:17-67
	android:name
		ADDED from src/main/AndroidManifest.xml:85:25-65
activity#com.example.lexicav1.ProfileActivity
ADDED from src/main/AndroidManifest.xml:90:9-99:20
	android:label
		ADDED from src/main/AndroidManifest.xml:93:13-45
	android:configChanges
		ADDED from src/main/AndroidManifest.xml:92:13-59
	android:name
		ADDED from src/main/AndroidManifest.xml:91:13-44
intent-filter#android.intent.action.profile+android.intent.category.DEFAULT
ADDED from src/main/AndroidManifest.xml:94:13-98:29
action#android.intent.action.profile
ADDED from src/main/AndroidManifest.xml:95:17-71
	android:name
		ADDED from src/main/AndroidManifest.xml:95:25-69
activity#com.example.lexicav1.Settings
ADDED from src/main/AndroidManifest.xml:100:9-108:20
	android:label
		ADDED from src/main/AndroidManifest.xml:102:13-45
	android:name
		ADDED from src/main/AndroidManifest.xml:101:13-37
intent-filter#android.intent.action.prefs+android.intent.category.DEFAULT
ADDED from src/main/AndroidManifest.xml:103:13-107:29
action#android.intent.action.prefs
ADDED from src/main/AndroidManifest.xml:104:17-69
	android:name
		ADDED from src/main/AndroidManifest.xml:104:25-67
provider#com.example.lexicav1.SuggestionProvider
ADDED from src/main/AndroidManifest.xml:110:9-112:76
	android:authorities
		ADDED from src/main/AndroidManifest.xml:112:13-74
	android:name
		ADDED from src/main/AndroidManifest.xml:111:13-67
activity#com.example.lexicav1.LimitedExposureActivity
ADDED from src/main/AndroidManifest.xml:115:9-124:20
	android:label
		ADDED from src/main/AndroidManifest.xml:118:13-45
	android:configChanges
		ADDED from src/main/AndroidManifest.xml:117:13-59
	android:name
		ADDED from src/main/AndroidManifest.xml:116:13-52
intent-filter#android.intent.action.quiz+android.intent.category.DEFAULT
ADDED from src/main/AndroidManifest.xml:119:13-123:29
action#android.intent.action.quiz
ADDED from src/main/AndroidManifest.xml:120:17-68
	android:name
		ADDED from src/main/AndroidManifest.xml:120:25-66
activity#com.example.lexicav1.KinestheticActivity
ADDED from src/main/AndroidManifest.xml:125:9-134:20
	android:label
		ADDED from src/main/AndroidManifest.xml:128:13-63
	android:configChanges
		ADDED from src/main/AndroidManifest.xml:126:13-74
	android:name
		ADDED from src/main/AndroidManifest.xml:127:13-48
intent-filter#android.intent.action.kinesthetic+android.intent.category.DEFAULT
ADDED from src/main/AndroidManifest.xml:129:13-133:29
action#android.intent.action.kinesthetic
ADDED from src/main/AndroidManifest.xml:130:17-75
	android:name
		ADDED from src/main/AndroidManifest.xml:130:25-73
activity#com.example.lexicav1.MORActivity
ADDED from src/main/AndroidManifest.xml:135:9-144:20
	android:label
		ADDED from src/main/AndroidManifest.xml:138:13-55
	android:configChanges
		ADDED from src/main/AndroidManifest.xml:136:13-74
	android:name
		ADDED from src/main/AndroidManifest.xml:137:13-40
intent-filter#android.intent.action.mor+android.intent.category.DEFAULT
ADDED from src/main/AndroidManifest.xml:139:13-143:29
action#android.intent.action.mor
ADDED from src/main/AndroidManifest.xml:140:17-67
	android:name
		ADDED from src/main/AndroidManifest.xml:140:25-65